Build started 19.12.2012 22:42:19.
     1>Project "C:\Users\Виктор\documents\visual studio 2012\Projects\grepalab\grepalab\grepalab.vcxproj" on node 2 (Build target(s)).
     1>ClCompile:
         C:\Program Files (x86)\Microsoft Visual Studio 11.0\VC\bin\CL.exe /c /ZI /nologo /W3 /WX- /Od /Oy- /D _MBCS /Gm /EHsc /RTC1 /MDd /GS /fp:precise /Zc:wchar_t /Zc:forScope /Fo"Debug\\" /Fd"Debug\vc110.pdb" /Gd /TC /analyze- /errorReport:prompt Regex.c
         Regex.c
     1>c:\users\виктор\documents\visual studio 2012\projects\grepalab\grepalab\regex.c(28): warning C4553: '==' : operator has no effect; did you intend '='?
     1>c:\users\виктор\documents\visual studio 2012\projects\grepalab\grepalab\regex.c(36): warning C4013: 'getch' undefined; assuming extern returning int
     1>c:\users\виктор\documents\visual studio 2012\projects\grepalab\grepalab\regex.c(60): warning C4550: expression evaluates to a function which is missing an argument list
     1>c:\users\виктор\documents\visual studio 2012\projects\grepalab\grepalab\regex.c(93): warning C4996: 'scanf': This function or variable may be unsafe. Consider using scanf_s instead. To disable deprecation, use _CRT_SECURE_NO_WARNINGS. See online help for details.
                 c:\program files (x86)\microsoft visual studio 11.0\vc\include\stdio.h(290) : see declaration of 'scanf'
       Link:
         C:\Program Files (x86)\Microsoft Visual Studio 11.0\VC\bin\link.exe /ERRORREPORT:PROMPT /OUT:"C:\Users\Виктор\documents\visual studio 2012\Projects\grepalab\Debug\grepalab.exe" /INCREMENTAL /NOLOGO kernel32.lib user32.lib gdi32.lib winspool.lib comdlg32.lib advapi32.lib shell32.lib ole32.lib oleaut32.lib uuid.lib odbc32.lib odbccp32.lib /MANIFEST /MANIFESTUAC:"level='asInvoker' uiAccess='false'" /manifest:embed /DEBUG /PDB:"C:\Users\Виктор\documents\visual studio 2012\Projects\grepalab\Debug\grepalab.pdb" /TLBID:1 /DYNAMICBASE /NXCOMPAT /IMPLIB:"C:\Users\Виктор\documents\visual studio 2012\Projects\grepalab\Debug\grepalab.lib" /MACHINE:X86 Debug\nfafragment.obj
         Debug\nfastate.obj
         Debug\nfabuilder.obj
         Debug\ptrlist.obj
         Debug\Regex.obj
         grepalab.vcxproj -> C:\Users\Виктор\documents\visual studio 2012\Projects\grepalab\Debug\grepalab.exe
     1>Done Building Project "C:\Users\Виктор\documents\visual studio 2012\Projects\grepalab\grepalab\grepalab.vcxproj" (Build target(s)).

Build succeeded.

Time Elapsed 00:00:00.49
