Build started 15.12.2012 18:15:45.
     1>Project "C:\Users\Виктор\documents\visual studio 2012\Projects\grepalab\grepalab\grepalab.vcxproj" on node 2 (Build target(s)).
     1>ClCompile:
         C:\Program Files (x86)\Microsoft Visual Studio 11.0\VC\bin\CL.exe /c /Zi /nologo /W3 /WX- /O2 /Oi /Oy- /GL /D _MBCS /Gm- /EHsc /MD /GS /Gy /fp:precise /Zc:wchar_t /Zc:forScope /Fo"Release\\" /Fd"Release\vc110.pdb" /Gd /TC /analyze- /errorReport:prompt Regex.c nfabuilder.c nfastate.c
         Regex.c
     1>Regex.c(39): warning C4013: '_getch' undefined; assuming extern returning int
         nfabuilder.c
     1>nfabuilder.c(214): warning C4101: 'i' : unreferenced local variable
         nfastate.c
       Link:
         C:\Program Files (x86)\Microsoft Visual Studio 11.0\VC\bin\link.exe /ERRORREPORT:PROMPT /OUT:"C:\Users\Виктор\documents\visual studio 2012\Projects\grepalab\Release\grepalab.exe" /NOLOGO kernel32.lib user32.lib gdi32.lib winspool.lib comdlg32.lib advapi32.lib shell32.lib ole32.lib oleaut32.lib uuid.lib odbc32.lib odbccp32.lib /MANIFEST /MANIFESTUAC:"level='asInvoker' uiAccess='false'" /manifest:embed /DEBUG /PDB:"C:\Users\Виктор\documents\visual studio 2012\Projects\grepalab\Release\grepalab.pdb" /OPT:REF /OPT:ICF /LTCG /TLBID:1 /DYNAMICBASE /NXCOMPAT /IMPLIB:"C:\Users\Виктор\documents\visual studio 2012\Projects\grepalab\Release\grepalab.lib" /MACHINE:X86 /SAFESEH Release\nfafragment.obj
         Release\nfastate.obj
         Release\nfabuilder.obj
         Release\ptrlist.obj
         Release\Regex.obj
         Generating code
         Finished generating code
         grepalab.vcxproj -> C:\Users\Виктор\documents\visual studio 2012\Projects\grepalab\Release\grepalab.exe
     1>Done Building Project "C:\Users\Виктор\documents\visual studio 2012\Projects\grepalab\grepalab\grepalab.vcxproj" (Build target(s)).

Build succeeded.

Time Elapsed 00:00:00.44
